<?xml version="1.0" encoding="UTF-8"?>
<!-- Generated by org.testng.reporters.JUnitReportReporter -->
<testsuite hostname="LAPTOP-JGPUKBBN" failures="0" tests="2" name="learntestng.GoogleDemo" time="3.551" errors="0" timestamp="2021-09-01T12:33:13 IST" skipped="0">
  <testcase classname="learntestng.GoogleDemo" name="gettitle" time="0.013"/>
  <system-out/>
  <testcase classname="learntestng.GoogleDemo" name="startapp" time="3.538"/>
  <system-out/>
</testsuite> <!-- learntestng.GoogleDemo -->
