<?xml version="1.0" encoding="UTF-8"?>
<!-- Generated by org.testng.reporters.JUnitReportReporter -->
<testsuite hostname="LAPTOP-JGPUKBBN" failures="0" tests="2" name="groupsdemo.TestGroup2" time="0.005" errors="0" timestamp="2021-09-02T16:06:33 IST" skipped="0">
  <testcase classname="groupsdemo.TestGroup2" name="Test8" time="0.002"/>
  <system-out/>
  <testcase classname="groupsdemo.TestGroup2" name="Test9" time="0.003"/>
  <system-out/>
</testsuite> <!-- groupsdemo.TestGroup2 -->
