<?xml version="1.0" encoding="UTF-8"?>
<!-- Generated by org.testng.reporters.JUnitReportReporter -->
<testsuite hostname="LAPTOP-JGPUKBBN" failures="0" tests="4" name="groupsdemo.TestGroup1" time="0.022" errors="0" timestamp="2021-09-02T16:06:33 IST" skipped="0">
  <testcase classname="groupsdemo.TestGroup1" name="Test1" time="0.016"/>
  <system-out/>
  <testcase classname="groupsdemo.TestGroup1" name="Test5" time="0.002"/>
  <system-out/>
  <testcase classname="groupsdemo.TestGroup1" name="Test2" time="0.002"/>
  <system-out/>
  <testcase classname="groupsdemo.TestGroup1" name="Test3" time="0.002"/>
  <system-out/>
</testsuite> <!-- groupsdemo.TestGroup1 -->
