<?xml version="1.0" encoding="UTF-8"?>
<!-- Generated by org.testng.reporters.JUnitReportReporter -->
<testsuite hostname="LAPTOP-JGPUKBBN" failures="0" tests="2" name="learntestng.AssertionDemo" time="12.555" errors="0" timestamp="2021-09-07T10:08:45 IST" skipped="0">
  <testcase classname="learntestng.AssertionDemo" name="checkurl" time="7.044"/>
  <system-out/>
  <testcase classname="learntestng.AssertionDemo" name="checklogo" time="5.511"/>
  <system-out/>
</testsuite> <!-- learntestng.AssertionDemo -->
