<?xml version="1.0" encoding="UTF-8"?>
<!-- Generated by org.testng.reporters.JUnitReportReporter -->
<testsuite hostname="LAPTOP-JGPUKBBN" failures="0" tests="1" name="learntestng.TestNGexecution" time="0.011" errors="0" timestamp="2021-09-01T11:07:44 IST" skipped="0">
  <testcase classname="learntestng.TestNGexecution" name="checktitle" time="0.011"/>
  <system-out/>
</testsuite> <!-- learntestng.TestNGexecution -->
