<?xml version="1.0" encoding="UTF-8"?>
<!-- Generated by org.testng.reporters.JUnitReportReporter -->
<testsuite hostname="LAPTOP-JGPUKBBN" failures="0" tests="3" name="learntestng.PriorityDemo" time="8.058" errors="0" timestamp="2021-09-01T12:03:09 IST" skipped="0">
  <testcase classname="learntestng.PriorityDemo" name="startapp" time="4.210"/>
  <system-out/>
  <testcase classname="learntestng.PriorityDemo" name="loginapp" time="2.756"/>
  <system-out/>
  <testcase classname="learntestng.PriorityDemo" name="signoff" time="1.092"/>
  <system-out/>
</testsuite> <!-- learntestng.PriorityDemo -->
