<?xml version="1.0" encoding="UTF-8"?>
<!-- Generated by org.testng.reporters.JUnitReportReporter -->
<testsuite hostname="LAPTOP-JGPUKBBN" failures="0" tests="1" name="learntestng.GridDemo" time="7.785" errors="0" timestamp="2021-09-07T11:23:13 IST" skipped="0">
  <testcase classname="learntestng.GridDemo" name="testlogin" time="7.785"/>
  <system-out/>
</testsuite> <!-- learntestng.GridDemo -->
