<?xml version="1.0" encoding="UTF-8"?>
<!-- Generated by org.testng.reporters.JUnitReportReporter -->
<testsuite hostname="LAPTOP-JGPUKBBN" failures="0" tests="2" name="learntestng.DataProviderDemo" time="8.955" errors="0" timestamp="2021-09-01T13:35:25 IST" skipped="0">
  <testcase classname="learntestng.DataProviderDemo" name="f" time="2.443"/>
  <system-out/>
  <testcase classname="learntestng.DataProviderDemo" name="f" time="6.512"/>
  <system-out/>
</testsuite> <!-- learntestng.DataProviderDemo -->
