<?xml version="1.0" encoding="UTF-8"?>
<!-- Generated by org.testng.reporters.JUnitReportReporter -->
<testsuite hostname="LAPTOP-JGPUKBBN" failures="0" tests="2" name="demowebshoptests.AssertionDemo" time="13.459" errors="0" timestamp="2021-09-06T13:40:17 IST" skipped="0">
  <testcase classname="demowebshoptests.AssertionDemo" name="checkurl" time="7.621"/>
  <system-out/>
  <testcase classname="demowebshoptests.AssertionDemo" name="checklogo" time="5.838"/>
  <system-out/>
</testsuite> <!-- demowebshoptests.AssertionDemo -->
